{
  "MiniTest": {
    "coverage": {
      "/home/derek/workspace/codefellows/seattle_attractions/config/environment.rb": [
        null,
        1,
        null,
        null,
        1
      ],
      "/home/derek/workspace/codefellows/seattle_attractions/config/application.rb": [
        1,
        null,
        1,
        null,
        null,
        null,
        1,
        null,
        1,
        1,
        null,
        null,
        null,
        null,
        null,
        null,
        null,
        null,
        null,
        null,
        null,
        null,
        null
      ],
      "/home/derek/workspace/codefellows/seattle_attractions/config/boot.rb": [
        null,
        1,
        null,
        1
      ],
      "/home/derek/workspace/codefellows/seattle_attractions/config/environments/test.rb": [
        1,
        null,
        null,
        null,
        null,
        null,
        null,
        1,
        null,
        null,
        null,
        null,
        1,
        null,
        null,
        1,
        1,
        null,
        null,
        1,
        1,
        null,
        null,
        1,
        null,
        null,
        1,
        null,
        null,
        null,
        null,
        1,
        null,
        null,
        1,
        null,
        null,
        null,
        null
      ],
      "/home/derek/workspace/codefellows/seattle_attractions/config/initializers/assets.rb": [
        null,
        null,
        null,
        1,
        null,
        null,
        null,
        null
      ],
      "/home/derek/workspace/codefellows/seattle_attractions/config/initializers/backtrace_silencers.rb": [
        null,
        null,
        null,
        null,
        null,
        null,
        null
      ],
      "/home/derek/workspace/codefellows/seattle_attractions/config/initializers/cookies_serializer.rb": [
        null,
        null,
        1
      ],
      "/home/derek/workspace/codefellows/seattle_attractions/config/initializers/devise.rb": [
        null,
        null,
        1,
        null,
        null,
        null,
        null,
        null,
        null,
        null,
        null,
        null,
        1,
        null,
        null,
        null,
        null,
        null,
        null,
        null,
        null,
        1,
        null,
        null,
        null,
        null,
        null,
        null,
        null,
        null,
        null,
        null,
        null,
        null,
        null,
        null,
        null,
        null,
        null,
        null,
        null,
        null,
        null,
        1,
        null,
        null,
        null,
        null,
        1,
        null,
        null,
        null,
        null,
        null,
        null,
        null,
        null,
        null,
        null,
        null,
        null,
        null,
        null,
        null,
        null,
        null,
        null,
        null,
        null,
        null,
        null,
        null,
        null,
        null,
        null,
        null,
        null,
        null,
        null,
        1,
        null,
        null,
        null,
        null,
        null,
        null,
        null,
        null,
        null,
        null,
        null,
        null,
        null,
        null,
        null,
        null,
        1,
        null,
        null,
        null,
        null,
        null,
        null,
        null,
        null,
        null,
        null,
        null,
        null,
        null,
        null,
        null,
        null,
        null,
        null,
        null,
        null,
        null,
        null,
        null,
        null,
        1,
        null,
        null,
        null,
        null,
        null,
        null,
        null,
        null,
        null,
        1,
        null,
        null,
        null,
        null,
        null,
        null,
        null,
        null,
        null,
        null,
        1,
        null,
        null,
        null,
        null,
        null,
        null,
        null,
        null,
        null,
        null,
        null,
        null,
        null,
        null,
        null,
        null,
        null,
        null,
        null,
        null,
        null,
        null,
        null,
        null,
        null,
        null,
        null,
        null,
        null,
        null,
        null,
        null,
        null,
        null,
        null,
        null,
        null,
        null,
        null,
        null,
        null,
        null,
        null,
        null,
        null,
        null,
        null,
        null,
        1,
        null,
        null,
        null,
        null,
        null,
        null,
        null,
        null,
        null,
        null,
        null,
        null,
        null,
        null,
        null,
        null,
        null,
        null,
        null,
        null,
        null,
        null,
        null,
        null,
        null,
        null,
        null,
        null,
        null,
        null,
        null,
        null,
        null,
        null,
        null,
        null,
        null,
        1,
        null,
        null,
        null,
        null,
        null,
        null,
        null,
        null,
        null,
        null,
        null,
        null,
        null,
        null,
        null,
        null,
        null,
        null,
        null,
        null,
        null,
        null,
        null,
        null,
        null,
        null,
        null,
        null,
        null
      ],
      "/home/derek/workspace/codefellows/seattle_attractions/config/initializers/filter_parameter_logging.rb": [
        null,
        null,
        null,
        1
      ],
      "/home/derek/workspace/codefellows/seattle_attractions/config/initializers/inflections.rb": [
        null,
        null,
        null,
        null,
        null,
        null,
        null,
        null,
        null,
        null,
        null,
        null,
        null,
        null,
        null,
        null
      ],
      "/home/derek/workspace/codefellows/seattle_attractions/config/initializers/mime_types.rb": [
        null,
        null,
        null,
        null
      ],
      "/home/derek/workspace/codefellows/seattle_attractions/config/initializers/session_store.rb": [
        null,
        null,
        1
      ],
      "/home/derek/workspace/codefellows/seattle_attractions/config/initializers/wrap_parameters.rb": [
        null,
        null,
        null,
        null,
        null,
        null,
        1,
        1,
        null,
        null,
        null,
        null,
        null,
        null
      ],
      "/home/derek/workspace/codefellows/seattle_attractions/config/routes.rb": [
        1,
        1,
        1,
        1,
        1,
        1,
        1,
        1,
        null,
        1,
        null,
        1,
        null,
        null,
        null,
        null,
        null,
        null,
        null,
        null,
        null,
        null,
        null,
        null,
        null,
        null,
        null,
        null,
        null,
        null,
        null,
        null,
        null,
        null,
        null,
        null,
        null,
        null,
        null,
        null,
        null,
        null,
        null,
        null,
        null,
        null,
        null,
        null,
        null,
        null,
        null,
        null,
        null,
        null,
        null,
        null,
        null,
        null,
        null,
        null,
        null,
        null,
        null,
        null,
        null
      ],
      "/home/derek/workspace/codefellows/seattle_attractions/app/models/admin.rb": [
        1,
        null,
        null,
        1,
        null,
        null
      ],
      "/home/derek/workspace/codefellows/seattle_attractions/app/helpers/application_helper.rb": [
        1,
        1,
        0,
        0,
        0,
        0,
        0,
        null,
        null,
        null
      ],
      "/home/derek/workspace/codefellows/seattle_attractions/app/helpers/attractions_helper.rb": [
        1,
        null
      ],
      "/home/derek/workspace/codefellows/seattle_attractions/app/helpers/locations_helper.rb": [
        1,
        null
      ],
      "/home/derek/workspace/codefellows/seattle_attractions/app/helpers/maps_helper.rb": [
        1,
        null
      ],
      "/home/derek/workspace/codefellows/seattle_attractions/app/helpers/parking_lots_helper.rb": [
        1,
        null
      ],
      "/home/derek/workspace/codefellows/seattle_attractions/app/helpers/restaurants_helper.rb": [
        1,
        null
      ],
      "/home/derek/workspace/codefellows/seattle_attractions/app/models/location.rb": [
        1,
        1,
        null,
        1,
        1,
        1,
        null
      ],
      "/home/derek/workspace/codefellows/seattle_attractions/app/models/parking_lot.rb": [
        1,
        null
      ],
      "/home/derek/workspace/codefellows/seattle_attractions/app/models/attraction.rb": [
        1,
        1,
        1,
        null,
        1,
        null,
        1,
        0,
        null,
        null
      ],
      "/home/derek/workspace/codefellows/seattle_attractions/spec/features/attractions/attraction_geocode_spec.rb": [
        1,
        null,
        1,
        1,
        0,
        0,
        0,
        0,
        0,
        0,
        0,
        0,
        0,
        null,
        null
      ],
      "/home/derek/workspace/codefellows/seattle_attractions/spec/features/attractions/edit_attractions_spec.rb": [
        1,
        null,
        1,
        1,
        0,
        null,
        0,
        null,
        null
      ],
      "/home/derek/workspace/codefellows/seattle_attractions/spec/features/auth/sign_in_spec.rb": [
        1,
        null,
        1,
        1,
        0,
        null,
        0,
        null,
        null,
        1,
        0,
        null,
        0,
        null,
        null,
        1,
        0,
        null,
        0,
        null,
        0,
        null,
        0,
        null,
        null
      ],
      "/home/derek/workspace/codefellows/seattle_attractions/spec/features/map/visit_map_spec.rb": [
        1,
        null,
        1,
        1,
        0,
        0,
        0,
        null,
        null,
        1,
        0,
        0,
        null,
        null,
        1,
        0,
        null,
        0,
        0,
        0,
        null,
        null,
        1,
        0,
        0,
        0,
        0,
        null,
        null,
        1,
        0,
        0,
        0,
        null,
        0,
        0,
        null,
        null,
        1,
        0,
        null,
        0,
        0,
        0,
        null,
        0,
        0,
        0,
        0,
        null,
        null
      ],
      "/home/derek/workspace/codefellows/seattle_attractions/spec/features/locations/creating_locations_spec.rb": [
        1,
        null,
        1,
        1,
        0,
        0,
        null,
        0,
        0,
        0,
        0,
        0,
        null,
        0,
        null,
        null
      ]
    },
    "timestamp": 1412972774
  },
  "RSpec": {
    "coverage": {
      "/home/derek/workspace/codefellows/seattle_attractions/config/environment.rb": [
        null,
        1,
        null,
        null,
        1
      ],
      "/home/derek/workspace/codefellows/seattle_attractions/config/application.rb": [
        1,
        null,
        1,
        null,
        null,
        null,
        1,
        null,
        1,
        1,
        null,
        null,
        null,
        null,
        null,
        null,
        null,
        null,
        null,
        null,
        null,
        null,
        null
      ],
      "/home/derek/workspace/codefellows/seattle_attractions/config/boot.rb": [
        null,
        1,
        null,
        1
      ],
      "/home/derek/workspace/codefellows/seattle_attractions/config/environments/test.rb": [
        1,
        null,
        null,
        null,
        null,
        null,
        null,
        1,
        null,
        null,
        null,
        null,
        1,
        null,
        null,
        1,
        1,
        null,
        null,
        1,
        1,
        null,
        null,
        1,
        null,
        null,
        1,
        null,
        null,
        null,
        null,
        1,
        null,
        null,
        1,
        null,
        null,
        null,
        null
      ],
      "/home/derek/workspace/codefellows/seattle_attractions/config/initializers/assets.rb": [
        null,
        null,
        null,
        1,
        null,
        null,
        null,
        null
      ],
      "/home/derek/workspace/codefellows/seattle_attractions/config/initializers/backtrace_silencers.rb": [
        null,
        null,
        null,
        null,
        null,
        null,
        null
      ],
      "/home/derek/workspace/codefellows/seattle_attractions/config/initializers/cookies_serializer.rb": [
        null,
        null,
        1
      ],
      "/home/derek/workspace/codefellows/seattle_attractions/config/initializers/devise.rb": [
        null,
        null,
        1,
        null,
        null,
        null,
        null,
        null,
        null,
        null,
        null,
        null,
        1,
        null,
        null,
        null,
        null,
        null,
        null,
        null,
        null,
        1,
        null,
        null,
        null,
        null,
        null,
        null,
        null,
        null,
        null,
        null,
        null,
        null,
        null,
        null,
        null,
        null,
        null,
        null,
        null,
        null,
        null,
        1,
        null,
        null,
        null,
        null,
        1,
        null,
        null,
        null,
        null,
        null,
        null,
        null,
        null,
        null,
        null,
        null,
        null,
        null,
        null,
        null,
        null,
        null,
        null,
        null,
        null,
        null,
        null,
        null,
        null,
        null,
        null,
        null,
        null,
        null,
        null,
        1,
        null,
        null,
        null,
        null,
        null,
        null,
        null,
        null,
        null,
        null,
        null,
        null,
        null,
        null,
        null,
        null,
        1,
        null,
        null,
        null,
        null,
        null,
        null,
        null,
        null,
        null,
        null,
        null,
        null,
        null,
        null,
        null,
        null,
        null,
        null,
        null,
        null,
        null,
        null,
        null,
        null,
        1,
        null,
        null,
        null,
        null,
        null,
        null,
        null,
        null,
        null,
        1,
        null,
        null,
        null,
        null,
        null,
        null,
        null,
        null,
        null,
        null,
        1,
        null,
        null,
        null,
        null,
        null,
        null,
        null,
        null,
        null,
        null,
        null,
        null,
        null,
        null,
        null,
        null,
        null,
        null,
        null,
        null,
        null,
        null,
        null,
        null,
        null,
        null,
        null,
        null,
        null,
        null,
        null,
        null,
        null,
        null,
        null,
        null,
        null,
        null,
        null,
        null,
        null,
        null,
        null,
        null,
        null,
        null,
        null,
        null,
        1,
        null,
        null,
        null,
        null,
        null,
        null,
        null,
        null,
        null,
        null,
        null,
        null,
        null,
        null,
        null,
        null,
        null,
        null,
        null,
        null,
        null,
        null,
        null,
        null,
        null,
        null,
        null,
        null,
        null,
        null,
        null,
        null,
        null,
        null,
        null,
        null,
        null,
        1,
        null,
        null,
        null,
        null,
        null,
        null,
        null,
        null,
        null,
        null,
        null,
        null,
        null,
        null,
        null,
        null,
        null,
        null,
        null,
        null,
        null,
        null,
        null,
        null,
        null,
        null,
        null,
        null,
        null
      ],
      "/home/derek/workspace/codefellows/seattle_attractions/config/initializers/filter_parameter_logging.rb": [
        null,
        null,
        null,
        1
      ],
      "/home/derek/workspace/codefellows/seattle_attractions/config/initializers/inflections.rb": [
        null,
        null,
        null,
        null,
        null,
        null,
        null,
        null,
        null,
        null,
        null,
        null,
        null,
        null,
        null,
        null
      ],
      "/home/derek/workspace/codefellows/seattle_attractions/config/initializers/mime_types.rb": [
        null,
        null,
        null,
        null
      ],
      "/home/derek/workspace/codefellows/seattle_attractions/config/initializers/session_store.rb": [
        null,
        null,
        1
      ],
      "/home/derek/workspace/codefellows/seattle_attractions/config/initializers/wrap_parameters.rb": [
        null,
        null,
        null,
        null,
        null,
        null,
        1,
        1,
        null,
        null,
        null,
        null,
        null,
        null
      ],
      "/home/derek/workspace/codefellows/seattle_attractions/config/routes.rb": [
        1,
        1,
        1,
        1,
        1,
        1,
        1,
        1,
        null,
        1,
        null,
        1,
        null,
        null,
        null,
        null,
        null,
        null,
        null,
        null,
        null,
        null,
        null,
        null,
        null,
        null,
        null,
        null,
        null,
        null,
        null,
        null,
        null,
        null,
        null,
        null,
        null,
        null,
        null,
        null,
        null,
        null,
        null,
        null,
        null,
        null,
        null,
        null,
        null,
        null,
        null,
        null,
        null,
        null,
        null,
        null,
        null,
        null,
        null,
        null,
        null,
        null,
        null,
        null,
        null
      ],
      "/home/derek/workspace/codefellows/seattle_attractions/app/models/admin.rb": [
        1,
        null,
        null,
        1,
        null,
        null
      ],
      "/home/derek/workspace/codefellows/seattle_attractions/app/helpers/application_helper.rb": [
        1,
        1,
        7,
        5,
        0,
        0,
        2,
        null,
        null,
        null
      ],
      "/home/derek/workspace/codefellows/seattle_attractions/app/helpers/attractions_helper.rb": [
        1,
        null
      ],
      "/home/derek/workspace/codefellows/seattle_attractions/app/helpers/locations_helper.rb": [
        1,
        null
      ],
      "/home/derek/workspace/codefellows/seattle_attractions/app/helpers/maps_helper.rb": [
        1,
        null
      ],
      "/home/derek/workspace/codefellows/seattle_attractions/app/helpers/parking_lots_helper.rb": [
        1,
        null
      ],
      "/home/derek/workspace/codefellows/seattle_attractions/app/helpers/restaurants_helper.rb": [
        1,
        null
      ],
      "/home/derek/workspace/codefellows/seattle_attractions/app/models/location.rb": [
        1,
        1,
        null,
        1,
        1,
        1,
        null
      ],
      "/home/derek/workspace/codefellows/seattle_attractions/app/models/parking_lot.rb": [
        1,
        null
      ],
      "/home/derek/workspace/codefellows/seattle_attractions/app/models/attraction.rb": [
        1,
        1,
        1,
        null,
        1,
        null,
        1,
        23,
        null,
        null
      ],
      "/home/derek/workspace/codefellows/seattle_attractions/spec/features/attractions/attraction_geocode_spec.rb": [
        1,
        null,
        1,
        1,
        1,
        1,
        1,
        1,
        1,
        1,
        1,
        1,
        1,
        null,
        null
      ],
      "/home/derek/workspace/codefellows/seattle_attractions/spec/features/attractions/edit_attractions_spec.rb": [
        1,
        null,
        1,
        1,
        1,
        null,
        1,
        null,
        null
      ],
      "/home/derek/workspace/codefellows/seattle_attractions/spec/features/auth/sign_in_spec.rb": [
        1,
        null,
        1,
        1,
        1,
        null,
        1,
        null,
        null,
        1,
        1,
        null,
        1,
        null,
        null,
        1,
        1,
        null,
        1,
        null,
        1,
        null,
        1,
        null,
        null
      ],
      "/home/derek/workspace/codefellows/seattle_attractions/spec/features/locations/creating_locations_spec.rb": [
        1,
        null,
        1,
        1,
        1,
        1,
        null,
        1,
        1,
        1,
        1,
        1,
        null,
        1,
        null,
        null
      ],
      "/home/derek/workspace/codefellows/seattle_attractions/spec/features/map/visit_map_spec.rb": [
        1,
        null,
        1,
        1,
        1,
        1,
        1,
        null,
        null,
        1,
        1,
        1,
        null,
        null,
        1,
        1,
        null,
        1,
        1,
        0,
        null,
        null,
        1,
        1,
        1,
        1,
        1,
        null,
        null,
        1,
        1,
        1,
        1,
        null,
        1,
        1,
        null,
        null,
        1,
        1,
        null,
        1,
        1,
        1,
        null,
        0,
        0,
        0,
        0,
        null,
        null
      ],
      "/home/derek/workspace/codefellows/seattle_attractions/app/controllers/maps_controller.rb": [
        1,
        1,
        null,
        1,
        12,
        12,
        11,
        11,
        11,
        null,
        1,
        1,
        null,
        null,
        null,
        null,
        1,
        null,
        12,
        null,
        12,
        null,
        null,
        1,
        null,
        1,
        12,
        47,
        47,
        47,
        47,
        null,
        null,
        47,
        null,
        null,
        null,
        1,
        47,
        23,
        24,
        0,
        null,
        null,
        null,
        1,
        47,
        23,
        24,
        0,
        null,
        null,
        null
      ],
      "/home/derek/workspace/codefellows/seattle_attractions/app/controllers/application_controller.rb": [
        1,
        1,
        null,
        null,
        1,
        null
      ],
      "/home/derek/workspace/codefellows/seattle_attractions/app/models/restaurant.rb": [
        1,
        null
      ],
      "/home/derek/workspace/codefellows/seattle_attractions/app/controllers/locations_controller.rb": [
        1,
        1,
        0,
        null,
        null,
        1,
        0,
        0,
        null,
        null,
        1,
        1,
        null,
        null,
        1,
        0,
        null,
        null,
        1,
        1,
        null,
        1,
        0,
        null,
        1,
        null,
        null,
        null,
        1,
        0,
        0,
        0,
        null,
        0,
        null,
        null,
        null,
        1,
        0,
        0,
        0,
        null,
        null,
        1,
        null,
        1,
        1,
        null,
        null
      ],
      "/home/derek/workspace/codefellows/seattle_attractions/app/controllers/attractions_controller.rb": [
        1,
        1,
        1,
        null,
        null,
        1,
        1,
        1,
        null,
        null,
        1,
        2,
        null,
        null,
        null,
        null,
        null,
        null,
        null,
        null,
        null,
        null,
        2,
        null,
        null,
        1,
        0,
        0,
        null,
        null,
        1,
        1,
        1,
        1,
        null,
        0,
        null,
        null,
        null,
        1,
        0,
        0,
        0,
        null,
        null,
        1,
        0,
        0,
        0,
        null,
        0,
        null,
        null,
        null,
        1,
        null,
        1,
        1,
        null,
        null,
        null,
        null,
        null,
        null,
        null,
        null,
        null,
        null,
        null
      ]
    },
    "timestamp": 1412972787
  }
}
